<?xml version="1.0" encoding="UTF-8" ?>
<testsuite tests="6" failures="0" name="com.example.TestGreeter" time="0.034" errors="0" skipped="0">
  <properties>
[...]
</properties>
  <testcase classname="com.example.TestGreeter" name="loginShouldReturnErrorForInvalidUserId" time="0.004"/>
  <testcase classname="com.example.TestGreeter" name="loginShouldReturnSuccessForValidCredentials" time="0"/>
  <testcase classname="com.example.TestGreeter" name="loginShouldReturnErrorForInvalidPassword" time="0"/>
  <testcase classname="com.example.TestGreeter" name="loginShouldReturnErrorForBothInvalidCredentials" time="0"/>
  <testcase classname="com.example.TestGreeter" name="greetShouldIncludeTheOneBeingGreeted" time="0"/>
  <testcase classname="com.example.TestGreeter" name="greetShouldIncludeGreetingPhrase" time="0.002"/>
</testsuite>